2025-11-30 09:48:25,007 - ERROR - Ошибка подключения к Redis: Error Multiple exceptions: [Errno 111] Connect call failed ('::1', 6379, 0, 0), [Errno 111] Connect call failed ('127.0.0.1', 6379) connecting to localhost:6379.
2025-11-30 09:51:36,303 - ERROR - Ошибка подключения к Redis: Error Multiple exceptions: [Errno 111] Connect call failed ('::1', 6379, 0, 0), [Errno 111] Connect call failed ('127.0.0.1', 6379) connecting to localhost:6379.
2025-11-30 09:57:37,185 - INFO - Redis connected
2025-11-30 09:57:45,052 - INFO - Request started | ID: 04c87d90-cdd3-11f0-b59a-d9a01e00b661 | GET http://localhost:8000/
2025-11-30 09:57:45,054 - INFO - Request completed | ID: 04c87d90-cdd3-11f0-b59a-d9a01e00b661 Status: 200 | Time 1.29ms
2025-11-30 09:57:45,148 - INFO - Request started | ID: 04d71e5e-cdd3-11f0-b59a-d9a01e00b661 | GET http://localhost:8000/favicon.ico
2025-11-30 09:57:45,149 - INFO - Request completed | ID: 04d71e5e-cdd3-11f0-b59a-d9a01e00b661 Status: 404 | Time 0.47ms
2025-11-30 09:57:49,378 - INFO - Request started | ID: 075c9884-cdd3-11f0-b59a-d9a01e00b661 | GET http://localhost:8000/docs
2025-11-30 09:57:49,379 - INFO - Request completed | ID: 075c9884-cdd3-11f0-b59a-d9a01e00b661 Status: 200 | Time 0.26ms
2025-11-30 09:57:50,002 - INFO - Request started | ID: 07bbc9a8-cdd3-11f0-b59a-d9a01e00b661 | GET http://localhost:8000/openapi.json
2025-11-30 09:57:50,101 - INFO - Request completed | ID: 07bbc9a8-cdd3-11f0-b59a-d9a01e00b661 Status: 200 | Time 98.56ms
2025-11-30 09:57:56,850 - INFO - Request started | ID: 0bd0c0b6-cdd3-11f0-b59a-d9a01e00b661 | GET http://localhost:8000/api/v1/student/
2025-11-30 09:59:42,809 - INFO - Redis disconnected
2025-11-30 10:03:18,467 - INFO - Redis connected
2025-11-30 10:08:17,804 - INFO - Redis disconnected
2025-11-30 10:08:32,436 - INFO - Redis connected
2025-11-30 10:14:09,810 - INFO - Redis disconnected
2025-11-30 11:19:11,707 - INFO - Redis connected
2025-11-30 11:19:26,119 - INFO - Request started | ID: 6e0bddf0-cdde-11f0-b939-a1b8f40ae5bc | GET http://localhost:5000/
2025-11-30 11:19:26,120 - INFO - Request completed | ID: 6e0bddf0-cdde-11f0-b939-a1b8f40ae5bc Status: 200 | Time 1.03ms
2025-11-30 11:19:26,356 - INFO - Request started | ID: 6e301918-cdde-11f0-b939-a1b8f40ae5bc | GET http://localhost:5000/favicon.ico
2025-11-30 11:19:26,357 - INFO - Request completed | ID: 6e301918-cdde-11f0-b939-a1b8f40ae5bc Status: 404 | Time 0.31ms
2025-11-30 11:19:39,777 - INFO - Request started | ID: 762ffa2a-cdde-11f0-b939-a1b8f40ae5bc | GET http://localhost:5000/docs
2025-11-30 11:19:39,777 - INFO - Request completed | ID: 762ffa2a-cdde-11f0-b939-a1b8f40ae5bc Status: 200 | Time 0.24ms
2025-11-30 11:19:39,976 - INFO - Request started | ID: 764e5592-cdde-11f0-b939-a1b8f40ae5bc | GET http://localhost:5000/openapi.json
2025-11-30 11:19:40,090 - INFO - Request completed | ID: 764e5592-cdde-11f0-b939-a1b8f40ae5bc Status: 200 | Time 112.77ms
2025-11-30 11:19:42,575 - INFO - Request started | ID: 77dafabe-cdde-11f0-b939-a1b8f40ae5bc | GET http://localhost:5000/api/v1/student/
2025-11-30 11:21:32,002 - INFO - Redis disconnected
2025-11-30 11:21:53,162 - INFO - Redis connected
2025-11-30 11:22:07,588 - INFO - Request started | ID: ce4a2b2c-cdde-11f0-b37a-dba79707aa85 | GET http://localhost:5000/api/v1/student/
2025-11-30 11:23:00,195 - INFO - Redis disconnected
2025-11-30 11:24:13,647 - INFO - Redis connected
2025-11-30 11:26:25,007 - INFO - Redis disconnected
2025-11-30 11:26:54,270 - INFO - Redis connected
2025-11-30 11:27:24,907 - INFO - Request started | ID: 8b6d2b46-cddf-11f0-9dba-31b98272f71e | GET http://localhost:5000/docs
2025-11-30 11:27:24,907 - INFO - Request completed | ID: 8b6d2b46-cddf-11f0-9dba-31b98272f71e Status: 200 | Time 0.34ms
2025-11-30 11:27:25,114 - INFO - Request started | ID: 8b8cb330-cddf-11f0-9dba-31b98272f71e | GET http://localhost:5000/openapi.json
2025-11-30 11:27:25,228 - INFO - Request completed | ID: 8b8cb330-cddf-11f0-9dba-31b98272f71e Status: 200 | Time 114.16ms
2025-11-30 11:27:27,898 - INFO - Request started | ID: 8d3586bc-cddf-11f0-9dba-31b98272f71e | GET http://localhost:5000/api/v1/student/
2025-11-30 11:27:44,163 - INFO - Request started | ID: 96e770a8-cddf-11f0-9dba-31b98272f71e | GET http://localhost:5000/api/v1/teacher/
2025-11-30 11:27:44,164 - INFO - Search all records Teacher.
2025-11-30 11:30:16,045 - INFO - Request started | ID: f16eb73e-cddf-11f0-9dba-31b98272f71e | GET http://localhost:5000/docs
2025-11-30 11:30:16,045 - INFO - Request completed | ID: f16eb73e-cddf-11f0-9dba-31b98272f71e Status: 200 | Time 0.40ms
2025-11-30 11:30:16,271 - INFO - Request started | ID: f1913516-cddf-11f0-9dba-31b98272f71e | GET http://localhost:5000/openapi.json
2025-11-30 11:30:16,273 - INFO - Request completed | ID: f1913516-cddf-11f0-9dba-31b98272f71e Status: 200 | Time 1.55ms
2025-11-30 11:30:21,381 - INFO - Request started | ID: f49cfa42-cddf-11f0-9dba-31b98272f71e | GET http://localhost:5000/api/v1/teacher/
2025-11-30 11:30:21,382 - INFO - Search all records Teacher.
2025-11-30 11:30:21,387 - INFO - Find 0 records.
2025-11-30 11:30:21,392 - INFO - Request completed | ID: f49cfa42-cddf-11f0-9dba-31b98272f71e Status: 200 | Time 10.80ms
2025-11-30 11:30:58,739 - INFO - Request started | ID: 0ae150d2-cde0-11f0-9dba-31b98272f71e | POST http://localhost:5000/api/v1/building/
2025-11-30 11:30:58,740 - INFO - Creating record Building.
2025-11-30 11:30:58,745 - INFO - Record Building successfully created.
2025-11-30 11:30:58,746 - INFO - Request completed | ID: 0ae150d2-cde0-11f0-9dba-31b98272f71e Status: 201 | Time 6.91ms
2025-11-30 11:31:06,632 - INFO - Request started | ID: 0f95b1f4-cde0-11f0-9dba-31b98272f71e | POST http://localhost:5000/api/v1/room/
2025-11-30 11:31:06,632 - INFO - Creating record Room.
2025-11-30 11:31:06,640 - INFO - Record Room successfully created.
2025-11-30 11:31:06,641 - INFO - Request completed | ID: 0f95b1f4-cde0-11f0-9dba-31b98272f71e Status: 201 | Time 9.19ms
2025-11-30 11:31:09,856 - INFO - Request started | ID: 1181a1b2-cde0-11f0-9dba-31b98272f71e | GET http://localhost:5000/api/v1/room/
2025-11-30 11:31:09,867 - INFO - Request completed | ID: 1181a1b2-cde0-11f0-9dba-31b98272f71e Status: 200 | Time 11.56ms
2025-11-30 11:31:15,188 - INFO - Request started | ID: 14af4f56-cde0-11f0-9dba-31b98272f71e | GET http://localhost:5000/api/v1/room/1
2025-11-30 11:31:15,195 - INFO - Request completed | ID: 14af4f56-cde0-11f0-9dba-31b98272f71e Status: 200 | Time 6.45ms
2025-11-30 11:40:27,934 - INFO - Redis disconnected
2025-12-01 20:57:20,227 - ERROR - Ошибка подключения к Redis: Error -2 connecting to redis:6379. Name or service not known.
2025-12-01 20:58:01,231 - INFO - Redis connected
2025-12-01 20:58:49,760 - INFO - Redis disconnected
2025-12-01 20:58:53,104 - INFO - Redis connected
2025-12-01 21:00:33,516 - INFO - Request started | ID: de3631e8-cece-11f0-9b6c-3761970ab491 | GET http://localhost:8000/a?short_url=http://localhost/67c4a
2025-12-01 21:00:33,517 - INFO - Request completed | ID: de3631e8-cece-11f0-9b6c-3761970ab491 Status: 404 | Time 0.55ms
2025-12-01 21:00:39,498 - INFO - Request started | ID: e1c700bc-cece-11f0-9b6c-3761970ab491 | GET http://localhost:8000/
2025-12-01 21:00:39,503 - INFO - Request completed | ID: e1c700bc-cece-11f0-9b6c-3761970ab491 Status: 200 | Time 4.44ms
2025-12-01 21:03:57,684 - INFO - Redis connected
2025-12-01 21:04:24,760 - INFO - Redis disconnected
2025-12-01 21:04:26,997 - INFO - Redis connected
2025-12-01 21:04:54,058 - INFO - Redis disconnected
2025-12-01 21:04:55,111 - INFO - Redis connected
2025-12-01 21:05:11,506 - INFO - Redis disconnected
2025-12-01 21:05:12,488 - INFO - Redis connected
2025-12-01 21:05:19,218 - INFO - Redis disconnected
2025-12-01 21:05:20,426 - INFO - Redis connected
2025-12-01 21:05:46,538 - INFO - Redis disconnected
2025-12-01 21:05:58,489 - INFO - Redis connected
2025-12-01 22:03:56,404 - INFO - Redis connected
2025-12-01 22:05:04,073 - INFO - Redis disconnected
2025-12-01 22:05:12,546 - INFO - Redis connected
2025-12-01 22:05:19,638 - INFO - Redis disconnected
2025-12-01 22:05:25,292 - INFO - Redis connected
2025-12-01 22:05:47,318 - INFO - Redis disconnected
2025-12-01 22:07:23,704 - INFO - Redis connected
2025-12-01 22:07:57,606 - INFO - Redis disconnected
2025-12-01 22:08:10,803 - INFO - Redis connected
2025-12-01 22:08:13,949 - INFO - Request started | ID: 526b0ec2-ced8-11f0-9b6c-55ba5e2f5ae7 | GET http://localhost:5000/
2025-12-01 22:08:13,951 - INFO - Request completed | ID: 526b0ec2-ced8-11f0-9b6c-55ba5e2f5ae7 Status: 200 | Time 1.78ms
2025-12-01 22:08:14,154 - INFO - Request started | ID: 528a6a9c-ced8-11f0-9b6c-55ba5e2f5ae7 | GET http://localhost:5000/favicon.ico
2025-12-01 22:08:14,155 - INFO - Request completed | ID: 528a6a9c-ced8-11f0-9b6c-55ba5e2f5ae7 Status: 404 | Time 0.34ms
2025-12-01 22:08:21,011 - INFO - Redis disconnected
2025-12-01 22:08:28,791 - INFO - Redis connected
2025-12-01 22:08:31,378 - INFO - Request started | ID: 5cce9712-ced8-11f0-9b6c-19e170f92a33 | GET http://localhost:5000/
2025-12-01 22:08:31,379 - INFO - Request completed | ID: 5cce9712-ced8-11f0-9b6c-19e170f92a33 Status: 200 | Time 0.55ms
2025-12-01 22:08:46,344 - INFO - Redis disconnected
2025-12-01 22:12:10,446 - INFO - Redis connected
2025-12-01 22:12:17,590 - INFO - Redis disconnected
2025-12-01 22:20:12,800 - INFO - Redis connected
2025-12-01 22:21:51,755 - INFO - Redis disconnected
2025-12-01 22:21:53,644 - INFO - Redis connected
2025-12-01 22:22:26,281 - INFO - Redis disconnected
2025-12-01 22:24:47,595 - INFO - Redis connected
2025-12-01 22:24:57,516 - INFO - Redis disconnected
2025-12-01 22:25:03,033 - INFO - Redis connected
2025-12-01 22:25:14,972 - INFO - Redis disconnected
2025-12-01 22:25:21,510 - INFO - Redis connected
2025-12-01 22:25:33,727 - INFO - Redis disconnected
2025-12-01 22:25:41,094 - INFO - Redis connected
2025-12-01 22:25:47,392 - INFO - Request started | ID: c651ab96-ceda-11f0-9b6c-adc328ce5071 | GET http://localhost:5000/docs
2025-12-01 22:25:47,392 - INFO - Request completed | ID: c651ab96-ceda-11f0-9b6c-adc328ce5071 Status: 200 | Time 0.67ms
2025-12-01 22:25:47,521 - INFO - Request started | ID: c66564ce-ceda-11f0-9b6c-adc328ce5071 | GET http://localhost:5000/openapi.json
2025-12-01 22:25:47,670 - INFO - Request completed | ID: c66564ce-ceda-11f0-9b6c-adc328ce5071 Status: 200 | Time 148.52ms
2025-12-01 22:29:17,174 - INFO - Redis connected
2025-12-01 22:29:17,578 - INFO - Request started | ID: 4399a31a-cedb-11f0-9b6c-9d6977b00016 | GET http://127.0.0.1:8000/
2025-12-01 22:29:17,579 - INFO - Request completed | ID: 4399a31a-cedb-11f0-9b6c-9d6977b00016 Status: 200 | Time 0.80ms
2025-12-01 22:29:17,651 - INFO - Request started | ID: 43a4cb64-cedb-11f0-9b6c-9d6977b00016 | GET http://127.0.0.1:8000/favicon.ico
2025-12-01 22:29:17,652 - INFO - Request completed | ID: 43a4cb64-cedb-11f0-9b6c-9d6977b00016 Status: 404 | Time 0.30ms
2025-12-01 22:29:24,317 - INFO - Request started | ID: 479df1f0-cedb-11f0-9b6c-9d6977b00016 | GET http://127.0.0.1:8000/docs
2025-12-01 22:29:24,318 - INFO - Request completed | ID: 479df1f0-cedb-11f0-9b6c-9d6977b00016 Status: 200 | Time 0.42ms
2025-12-01 22:29:25,258 - INFO - Request started | ID: 482d7b22-cedb-11f0-9b6c-9d6977b00016 | GET http://127.0.0.1:8000/openapi.json
2025-12-01 22:29:25,467 - INFO - Request completed | ID: 482d7b22-cedb-11f0-9b6c-9d6977b00016 Status: 200 | Time 208.69ms
2025-12-01 22:29:28,249 - INFO - Request started | ID: 49f5e08e-cedb-11f0-9b6c-9d6977b00016 | GET http://127.0.0.1:8000/api/v1/student/
2025-12-01 22:29:28,546 - INFO - Request completed | ID: 49f5e08e-cedb-11f0-9b6c-9d6977b00016 Status: 200 | Time 297.02ms
2025-12-01 22:29:32,399 - INFO - Request started | ID: 4c6f1164-cedb-11f0-9b6c-9d6977b00016 | GET http://127.0.0.1:8000/api/v1/teacher/
2025-12-01 22:29:32,399 - INFO - Search all records Teacher.
2025-12-01 22:29:32,411 - INFO - Find 1 records.
2025-12-01 22:29:32,412 - INFO - Request completed | ID: 4c6f1164-cedb-11f0-9b6c-9d6977b00016 Status: 200 | Time 12.85ms
2025-12-01 22:39:54,791 - INFO - Redis disconnected
2025-12-01 22:39:57,671 - INFO - Redis connected
2025-12-01 22:40:01,637 - INFO - Request started | ID: c37d210a-cedc-11f0-9b6c-c715f6f8b4c5 | GET http://127.0.0.1:8000/docs
2025-12-01 22:40:01,637 - INFO - Request completed | ID: c37d210a-cedc-11f0-9b6c-c715f6f8b4c5 Status: 200 | Time 0.49ms
2025-12-01 22:40:01,931 - INFO - Request started | ID: c3aa1d5e-cedc-11f0-9b6c-c715f6f8b4c5 | GET http://127.0.0.1:8000/openapi.json
2025-12-01 22:40:02,127 - INFO - Request completed | ID: c3aa1d5e-cedc-11f0-9b6c-c715f6f8b4c5 Status: 200 | Time 192.01ms
2025-12-01 22:40:04,121 - INFO - Redis disconnected
2025-12-01 23:12:52,141 - INFO - Redis connected
2025-12-01 23:12:53,118 - INFO - Request started | ID: 5a955586-cee1-11f0-9b6c-1d8024adfb30 | GET http://127.0.0.1:8000/
2025-12-01 23:12:53,120 - INFO - Request completed | ID: 5a955586-cee1-11f0-9b6c-1d8024adfb30 Status: 200 | Time 2.10ms
2025-12-01 23:12:55,872 - INFO - Request started | ID: 5c397cfa-cee1-11f0-9b6c-1d8024adfb30 | GET http://127.0.0.1:8000/docs
2025-12-01 23:12:55,873 - INFO - Request completed | ID: 5c397cfa-cee1-11f0-9b6c-1d8024adfb30 Status: 200 | Time 0.90ms
2025-12-01 23:12:56,000 - INFO - Request started | ID: 5c4d1c06-cee1-11f0-9b6c-1d8024adfb30 | GET http://127.0.0.1:8000/openapi.json
2025-12-01 23:12:56,157 - INFO - Request completed | ID: 5c4d1c06-cee1-11f0-9b6c-1d8024adfb30 Status: 200 | Time 156.39ms
2025-12-01 23:13:37,546 - INFO - Redis disconnected
2025-12-01 23:13:38,888 - INFO - Redis connected
2025-12-01 23:13:40,003 - INFO - Redis disconnected
2025-12-01 23:18:38,270 - INFO - Redis connected
2025-12-01 23:18:38,675 - INFO - Redis disconnected
2025-12-01 23:18:39,906 - INFO - Redis connected
2025-12-01 23:18:40,529 - INFO - Request started | ID: 29a7f23e-cee2-11f0-9b6c-1544e8e69097 | GET http://127.0.0.1:8000/docs
2025-12-01 23:18:40,530 - INFO - Request completed | ID: 29a7f23e-cee2-11f0-9b6c-1544e8e69097 Status: 200 | Time 1.56ms
2025-12-01 23:18:40,815 - INFO - Request started | ID: 29d39696-cee2-11f0-9b6c-1544e8e69097 | GET http://127.0.0.1:8000/openapi.json
2025-12-01 23:18:40,956 - INFO - Request completed | ID: 29d39696-cee2-11f0-9b6c-1544e8e69097 Status: 200 | Time 140.68ms
2025-12-01 23:18:45,809 - INFO - Request started | ID: 2ccdaefe-cee2-11f0-9b6c-1544e8e69097 | GET http://127.0.0.1:8000/api/v1/building/
2025-12-01 23:18:45,812 - INFO - Request completed | ID: 2ccdaefe-cee2-11f0-9b6c-1544e8e69097 Status: 401 | Time 3.22ms
2025-12-01 23:18:58,044 - INFO - Request started | ID: 34188e22-cee2-11f0-9b6c-1544e8e69097 | GET http://127.0.0.1:8000/api/v1/building/2
2025-12-01 23:18:58,045 - INFO - Request completed | ID: 34188e22-cee2-11f0-9b6c-1544e8e69097 Status: 401 | Time 0.89ms
2025-12-01 23:19:06,916 - INFO - Request started | ID: 39626f7e-cee2-11f0-9b6c-1544e8e69097 | GET http://127.0.0.1:8000/api/v1/users/
2025-12-01 23:19:06,917 - INFO - Search all records User.
2025-12-01 23:19:07,173 - INFO - Find 9 records.
2025-12-01 23:19:07,674 - INFO - Request completed | ID: 39626f7e-cee2-11f0-9b6c-1544e8e69097 Status: 200 | Time 757.07ms
2025-12-01 23:19:21,585 - INFO - Request started | ID: 42209e74-cee2-11f0-9b6c-1544e8e69097 | POST http://127.0.0.1:8000/api/v1/login/
2025-12-01 23:19:21,589 - INFO - Search User with filters: {'email': 'user1@example.com'}.
2025-12-01 23:19:21,606 - INFO - Record find by filters: {'email': 'user1@example.com'}.
2025-12-01 23:19:21,611 - WARNING - (trapped) error reading bcrypt version
Traceback (most recent call last):
  File "/home/sanek/projects/ugltuschedule/FastApiSchedule/.venv/lib/python3.13/site-packages/passlib/handlers/bcrypt.py", line 620, in _load_backend_mixin
    version = _bcrypt.__about__.__version__
              ^^^^^^^^^^^^^^^^^
AttributeError: module 'bcrypt' has no attribute '__about__'
2025-12-01 23:19:21,904 - INFO - Request completed | ID: 42209e74-cee2-11f0-9b6c-1544e8e69097 Status: 400 | Time 319.22ms
2025-12-01 23:19:38,878 - INFO - Request started | ID: 4c6f607c-cee2-11f0-9b6c-1544e8e69097 | POST http://127.0.0.1:8000/api/v1/login/
2025-12-01 23:19:38,880 - INFO - Search User with filters: {'email': 'user1@example.com'}.
2025-12-01 23:19:38,881 - INFO - Record find by filters: {'email': 'user1@example.com'}.
2025-12-01 23:19:39,156 - INFO - Установлено значение ключа refresh_token:1e73046a-484d-477e-8489-642f7911d00a с TTL 604800
2025-12-01 23:19:39,157 - INFO - Request completed | ID: 4c6f607c-cee2-11f0-9b6c-1544e8e69097 Status: 200 | Time 278.60ms
2025-12-01 23:19:50,589 - INFO - Request started | ID: 536a6246-cee2-11f0-9b6c-1544e8e69097 | GET http://127.0.0.1:8000/api/v1/building/
2025-12-01 23:19:50,601 - INFO - Request completed | ID: 536a6246-cee2-11f0-9b6c-1544e8e69097 Status: 403 | Time 11.61ms
2025-12-01 23:20:12,846 - INFO - Redis disconnected
2025-12-02 00:03:04,536 - INFO - Redis connected
2025-12-02 00:03:07,856 - INFO - Request started | ID: 5f81e058-cee8-11f0-9b6c-afa3a2bb5113 | GET http://127.0.0.1:8000/docs
2025-12-02 00:03:07,857 - INFO - Request completed | ID: 5f81e058-cee8-11f0-9b6c-afa3a2bb5113 Status: 200 | Time 0.51ms
2025-12-02 00:03:08,141 - INFO - Request started | ID: 5fad61e2-cee8-11f0-9b6c-afa3a2bb5113 | GET http://127.0.0.1:8000/openapi.json
2025-12-02 00:03:08,298 - INFO - Request completed | ID: 5fad61e2-cee8-11f0-9b6c-afa3a2bb5113 Status: 200 | Time 156.78ms
2025-12-02 00:03:13,701 - INFO - Request started | ID: 62fda97e-cee8-11f0-9b6c-afa3a2bb5113 | GET http://127.0.0.1:8000/api/v1/utils/health-check/
2025-12-02 00:03:13,701 - INFO - Request completed | ID: 62fda97e-cee8-11f0-9b6c-afa3a2bb5113 Status: 200 | Time 0.48ms
2025-12-02 00:03:20,982 - INFO - Request started | ID: 6754a086-cee8-11f0-9b6c-afa3a2bb5113 | GET http://127.0.0.1:8000/api/v1/users/
2025-12-02 00:03:20,982 - INFO - Search all records User.
2025-12-02 00:03:21,057 - INFO - Find 9 records.
2025-12-02 00:03:21,070 - INFO - Request completed | ID: 6754a086-cee8-11f0-9b6c-afa3a2bb5113 Status: 200 | Time 87.81ms
2025-12-02 00:03:43,877 - INFO - Redis disconnected
2025-12-02 00:04:39,728 - INFO - Redis connected
2025-12-02 00:04:40,750 - INFO - Request started | ID: 96e06330-cee8-11f0-9b6c-33dd02fdee0d | GET http://127.0.0.1:8000/docs
2025-12-02 00:04:40,752 - INFO - Request completed | ID: 96e06330-cee8-11f0-9b6c-33dd02fdee0d Status: 200 | Time 1.29ms
2025-12-02 00:04:41,004 - INFO - Request started | ID: 970707e2-cee8-11f0-9b6c-33dd02fdee0d | GET http://127.0.0.1:8000/openapi.json
2025-12-02 00:04:41,150 - INFO - Request completed | ID: 970707e2-cee8-11f0-9b6c-33dd02fdee0d Status: 200 | Time 145.56ms
2025-12-02 00:04:43,923 - INFO - Request started | ID: 98c48ab4-cee8-11f0-9b6c-33dd02fdee0d | GET http://127.0.0.1:8000/api/v1/users/
2025-12-02 00:04:43,924 - INFO - Search all records User.
2025-12-02 00:04:44,002 - INFO - Find 9 records.
2025-12-02 00:04:44,016 - INFO - Request completed | ID: 98c48ab4-cee8-11f0-9b6c-33dd02fdee0d Status: 200 | Time 92.02ms
2025-12-02 00:06:34,132 - INFO - Redis disconnected
2025-12-02 00:06:35,176 - INFO - Redis connected
2025-12-02 00:06:44,071 - INFO - Redis disconnected
2025-12-02 00:06:46,459 - INFO - Redis connected
2025-12-02 00:06:48,794 - INFO - Redis connected
2025-12-02 00:06:51,929 - INFO - Redis disconnected
2025-12-02 00:06:53,008 - INFO - Redis connected
2025-12-02 00:06:55,538 - INFO - Redis disconnected
2025-12-02 00:06:56,674 - INFO - Redis connected
2025-12-02 00:07:09,547 - INFO - Redis disconnected
2025-12-02 00:07:11,422 - INFO - Redis connected
2025-12-02 00:07:12,537 - INFO - Redis disconnected
2025-12-02 00:07:15,056 - INFO - Redis connected
2025-12-02 00:07:16,671 - INFO - Redis disconnected
2025-12-02 00:07:18,337 - INFO - Redis connected
2025-12-02 00:07:21,267 - INFO - Redis disconnected
2025-12-02 00:07:22,613 - INFO - Redis connected
2025-12-02 00:07:24,046 - INFO - Redis disconnected
2025-12-02 00:07:25,119 - INFO - Redis connected
2025-12-02 00:07:55,126 - INFO - Redis disconnected
2025-12-02 00:07:56,789 - INFO - Redis connected
2025-12-02 00:07:57,999 - INFO - Redis connected
2025-12-02 00:08:01,659 - INFO - Redis disconnected
2025-12-02 00:08:11,308 - INFO - Redis connected
2025-12-02 00:08:11,887 - INFO - Request started | ID: 14b954ce-cee9-11f0-9b6c-03d35fe603f1 | GET http://127.0.0.1:8000/docs
2025-12-02 00:08:11,888 - INFO - Request completed | ID: 14b954ce-cee9-11f0-9b6c-03d35fe603f1 Status: 200 | Time 0.72ms
2025-12-02 00:08:12,083 - INFO - Request started | ID: 14d724e0-cee9-11f0-9b6c-03d35fe603f1 | GET http://127.0.0.1:8000/openapi.json
2025-12-02 00:08:12,327 - INFO - Request completed | ID: 14d724e0-cee9-11f0-9b6c-03d35fe603f1 Status: 200 | Time 243.75ms
2025-12-02 00:08:14,768 - INFO - Request started | ID: 1670e96c-cee9-11f0-9b6c-03d35fe603f1 | GET http://127.0.0.1:8000/api/v1/users/
2025-12-02 00:08:14,769 - INFO - Search all records User.
2025-12-02 00:08:14,839 - INFO - Find 9 records.
2025-12-02 00:08:14,849 - INFO - Request completed | ID: 1670e96c-cee9-11f0-9b6c-03d35fe603f1 Status: 200 | Time 80.58ms
2025-12-02 00:08:21,841 - INFO - Redis disconnected
2025-12-02 00:09:50,686 - INFO - Redis connected
2025-12-02 00:09:53,842 - INFO - Request started | ID: 517e599a-cee9-11f0-9b6c-f789e3052ecc | GET http://127.0.0.1:8000/api/v1/users/
2025-12-02 00:09:53,843 - INFO - Search all records User.
2025-12-02 00:09:53,931 - INFO - Find 9 records.
2025-12-02 00:09:53,938 - INFO - Request completed | ID: 517e599a-cee9-11f0-9b6c-f789e3052ecc Status: 200 | Time 95.48ms
2025-12-02 00:09:56,071 - INFO - Redis disconnected
2025-12-02 00:10:03,445 - INFO - Redis connected
2025-12-02 00:10:04,289 - INFO - Request started | ID: 57b883da-cee9-11f0-9b6c-1f2f4c617afa | GET http://127.0.0.1:8000/api/v1/users/
2025-12-02 00:10:04,290 - INFO - Search all records User.
2025-12-02 00:10:04,448 - INFO - Find 9 records.
2025-12-02 00:10:04,458 - INFO - Request completed | ID: 57b883da-cee9-11f0-9b6c-1f2f4c617afa Status: 200 | Time 168.69ms
2025-12-02 00:10:06,280 - INFO - Redis disconnected
2025-12-02 00:11:38,993 - INFO - Redis connected
2025-12-02 00:11:40,525 - INFO - Request started | ID: 9114e754-cee9-11f0-9b6c-5b5e784e0eab | GET http://127.0.0.1:8000/api/v1/users/
2025-12-02 00:11:40,526 - INFO - Search all records User.
2025-12-02 00:11:40,595 - INFO - Find 9 records.
2025-12-02 00:11:40,601 - INFO - Request completed | ID: 9114e754-cee9-11f0-9b6c-5b5e784e0eab Status: 200 | Time 75.40ms
2025-12-02 00:11:42,627 - INFO - Redis disconnected
2025-12-02 00:55:30,500 - INFO - Started server process [26739]
2025-12-02 00:55:30,502 - INFO - Waiting for application startup.
2025-12-02 00:55:32,743 - ERROR - Ошибка подключения к Redis: Error -2 connecting to redis:6379. Name or service not known.
2025-12-02 00:55:32,752 - ERROR - Traceback (most recent call last):
  File "/home/sanek/projects/ugltuschedule/FastApiSchedule/.venv/lib/python3.13/site-packages/redis/asyncio/connection.py", line 307, in connect_check_health
    await self.retry.call_with_retry(
        lambda: self._connect(), lambda error: self.disconnect()
    )
  File "/home/sanek/projects/ugltuschedule/FastApiSchedule/.venv/lib/python3.13/site-packages/redis/asyncio/retry.py", line 50, in call_with_retry
    return await do()
           ^^^^^^^^^^
  File "/home/sanek/projects/ugltuschedule/FastApiSchedule/.venv/lib/python3.13/site-packages/redis/asyncio/connection.py", line 768, in _connect
    reader, writer = await asyncio.open_connection(
                     ^^^^^^^^^^^^^^^^^^^^^^^^^^^^^^
        **self._connection_arguments()
        ^^^^^^^^^^^^^^^^^^^^^^^^^^^^^^
    )
    ^
  File "/root/.local/share/uv/python/cpython-3.13.7-linux-x86_64-gnu/lib/python3.13/asyncio/streams.py", line 48, in open_connection
    transport, _ = await loop.create_connection(
                   ^^^^^^^^^^^^^^^^^^^^^^^^^^^^^
        lambda: protocol, host, port, **kwds)
        ^^^^^^^^^^^^^^^^^^^^^^^^^^^^^^^^^^^^^
  File "uvloop/loop.pyx", line 1982, in create_connection
socket.gaierror: [Errno -2] Name or service not known

During handling of the above exception, another exception occurred:

Traceback (most recent call last):
  File "/home/sanek/projects/ugltuschedule/FastApiSchedule/.venv/lib/python3.13/site-packages/starlette/routing.py", line 694, in lifespan
    async with self.lifespan_context(app) as maybe_state:
               ~~~~~~~~~~~~~~~~~~~~~^^^^^
  File "/root/.local/share/uv/python/cpython-3.13.7-linux-x86_64-gnu/lib/python3.13/contextlib.py", line 214, in __aenter__
    return await anext(self.gen)
           ^^^^^^^^^^^^^^^^^^^^^
  File "/home/sanek/projects/ugltuschedule/FastApiSchedule/.venv/lib/python3.13/site-packages/fastapi/routing.py", line 210, in merged_lifespan
    async with original_context(app) as maybe_original_state:
               ~~~~~~~~~~~~~~~~^^^^^
  File "/root/.local/share/uv/python/cpython-3.13.7-linux-x86_64-gnu/lib/python3.13/contextlib.py", line 214, in __aenter__
    return await anext(self.gen)
           ^^^^^^^^^^^^^^^^^^^^^
  File "/home/sanek/projects/ugltuschedule/FastApiSchedule/app/main.py", line 26, in lifespan
    await redis_manager.connect()
  File "/home/sanek/projects/ugltuschedule/FastApiSchedule/app/cache/client.py", line 35, in connect
    await self._client.ping()
  File "/home/sanek/projects/ugltuschedule/FastApiSchedule/.venv/lib/python3.13/site-packages/redis/asyncio/client.py", line 720, in execute_command
    conn = self.connection or await pool.get_connection()
                              ^^^^^^^^^^^^^^^^^^^^^^^^^^^
  File "/home/sanek/projects/ugltuschedule/FastApiSchedule/.venv/lib/python3.13/site-packages/redis/asyncio/connection.py", line 1198, in get_connection
    await self.ensure_connection(connection)
  File "/home/sanek/projects/ugltuschedule/FastApiSchedule/.venv/lib/python3.13/site-packages/redis/asyncio/connection.py", line 1231, in ensure_connection
    await connection.connect()
  File "/home/sanek/projects/ugltuschedule/FastApiSchedule/.venv/lib/python3.13/site-packages/redis/asyncio/connection.py", line 298, in connect
    await self.connect_check_health(check_health=True)
  File "/home/sanek/projects/ugltuschedule/FastApiSchedule/.venv/lib/python3.13/site-packages/redis/asyncio/connection.py", line 317, in connect_check_health
    raise ConnectionError(self._error_message(e))
redis.exceptions.ConnectionError: Error -2 connecting to redis:6379. Name or service not known.

2025-12-02 00:55:32,756 - ERROR - Application startup failed. Exiting.
2025-12-01 19:59:40,961 - INFO - Started server process [70]
2025-12-01 19:59:40,963 - INFO - Waiting for application startup.
2025-12-01 19:59:40,982 - INFO - Redis connected
2025-12-01 19:59:40,982 - INFO - Application startup complete.
2025-12-01 19:59:40,984 - INFO - Uvicorn running on http://0.0.0.0:8000 (Press CTRL+C to quit)
2025-12-01 20:00:02,942 - INFO - Request started | ID: 530e926e-cef0-11f0-86d5-5d158cf61ea8 | GET http://127.0.0.1:8000/docs
2025-12-01 20:00:02,942 - INFO - Request completed | ID: 530e926e-cef0-11f0-86d5-5d158cf61ea8 Status: 200 | Time 0.47ms
2025-12-01 20:00:03,226 - INFO - Request started | ID: 533a01c4-cef0-11f0-86d5-5d158cf61ea8 | GET http://127.0.0.1:8000/openapi.json
2025-12-01 20:00:03,377 - INFO - Request completed | ID: 533a01c4-cef0-11f0-86d5-5d158cf61ea8 Status: 200 | Time 150.13ms
2025-12-01 20:00:06,155 - INFO - Request started | ID: 54f8cefa-cef0-11f0-86d5-5d158cf61ea8 | GET http://127.0.0.1:8000/api/v1/users/
2025-12-01 20:00:06,156 - INFO - Search all records User.
2025-12-01 20:00:06,255 - ERROR - Exception in ASGI application
Traceback (most recent call last):
  File "/app/.venv/lib/python3.13/site-packages/sqlalchemy/dialects/postgresql/asyncpg.py", line 526, in _prepare_and_execute
    prepared_stmt, attributes = await adapt_connection._prepare(
                                ^^^^^^^^^^^^^^^^^^^^^^^^^^^^^^^^
        operation, self._invalidate_schema_cache_asof
        ^^^^^^^^^^^^^^^^^^^^^^^^^^^^^^^^^^^^^^^^^^^^^
    )
    ^
  File "/app/.venv/lib/python3.13/site-packages/sqlalchemy/dialects/postgresql/asyncpg.py", line 773, in _prepare
    prepared_stmt = await self._connection.prepare(
                    ^^^^^^^^^^^^^^^^^^^^^^^^^^^^^^^
        operation, name=self._prepared_statement_name_func()
        ^^^^^^^^^^^^^^^^^^^^^^^^^^^^^^^^^^^^^^^^^^^^^^^^^^^^
    )
    ^
  File "/app/.venv/lib/python3.13/site-packages/asyncpg/connection.py", line 638, in prepare
    return await self._prepare(
           ^^^^^^^^^^^^^^^^^^^^
    ...<4 lines>...
    )
    ^
  File "/app/.venv/lib/python3.13/site-packages/asyncpg/connection.py", line 657, in _prepare
    stmt = await self._get_statement(
           ^^^^^^^^^^^^^^^^^^^^^^^^^^
    ...<5 lines>...
    )
    ^
  File "/app/.venv/lib/python3.13/site-packages/asyncpg/connection.py", line 443, in _get_statement
    statement = await self._protocol.prepare(
                ^^^^^^^^^^^^^^^^^^^^^^^^^^^^^
    ...<5 lines>...
    )
    ^
  File "asyncpg/protocol/protocol.pyx", line 165, in prepare
asyncpg.exceptions.UndefinedTableError: relation "users" does not exist

The above exception was the direct cause of the following exception:

Traceback (most recent call last):
  File "/app/.venv/lib/python3.13/site-packages/sqlalchemy/engine/base.py", line 1967, in _exec_single_context
    self.dialect.do_execute(
    ~~~~~~~~~~~~~~~~~~~~~~~^
        cursor, str_statement, effective_parameters, context
        ^^^^^^^^^^^^^^^^^^^^^^^^^^^^^^^^^^^^^^^^^^^^^^^^^^^^
    )
    ^
  File "/app/.venv/lib/python3.13/site-packages/sqlalchemy/engine/default.py", line 951, in do_execute
    cursor.execute(statement, parameters)
    ~~~~~~~~~~~~~~^^^^^^^^^^^^^^^^^^^^^^^
  File "/app/.venv/lib/python3.13/site-packages/sqlalchemy/dialects/postgresql/asyncpg.py", line 585, in execute
    self._adapt_connection.await_(
    ~~~~~~~~~~~~~~~~~~~~~~~~~~~~~^
        self._prepare_and_execute(operation, parameters)
        ^^^^^^^^^^^^^^^^^^^^^^^^^^^^^^^^^^^^^^^^^^^^^^^^
    )
    ^
  File "/app/.venv/lib/python3.13/site-packages/sqlalchemy/util/_concurrency_py3k.py", line 132, in await_only
    return current.parent.switch(awaitable)  # type: ignore[no-any-return,attr-defined] # noqa: E501
           ~~~~~~~~~~~~~~~~~~~~~^^^^^^^^^^^
  File "/app/.venv/lib/python3.13/site-packages/sqlalchemy/util/_concurrency_py3k.py", line 196, in greenlet_spawn
    value = await result
            ^^^^^^^^^^^^
  File "/app/.venv/lib/python3.13/site-packages/sqlalchemy/dialects/postgresql/asyncpg.py", line 563, in _prepare_and_execute
    self._handle_exception(error)
    ~~~~~~~~~~~~~~~~~~~~~~^^^^^^^
  File "/app/.venv/lib/python3.13/site-packages/sqlalchemy/dialects/postgresql/asyncpg.py", line 513, in _handle_exception
    self._adapt_connection._handle_exception(error)
    ~~~~~~~~~~~~~~~~~~~~~~~~~~~~~~~~~~~~~~~~^^^^^^^
  File "/app/.venv/lib/python3.13/site-packages/sqlalchemy/dialects/postgresql/asyncpg.py", line 797, in _handle_exception
    raise translated_error from error
sqlalchemy.dialects.postgresql.asyncpg.AsyncAdapt_asyncpg_dbapi.ProgrammingError: <class 'asyncpg.exceptions.UndefinedTableError'>: relation "users" does not exist

The above exception was the direct cause of the following exception:

Traceback (most recent call last):
  File "/app/.venv/lib/python3.13/site-packages/uvicorn/protocols/http/httptools_impl.py", line 409, in run_asgi
    result = await app(  # type: ignore[func-returns-value]
             ^^^^^^^^^^^^^^^^^^^^^^^^^^^^^^^^^^^^^^^^^^^^^^
        self.scope, self.receive, self.send
        ^^^^^^^^^^^^^^^^^^^^^^^^^^^^^^^^^^^
    )
    ^
  File "/app/.venv/lib/python3.13/site-packages/uvicorn/middleware/proxy_headers.py", line 60, in __call__
    return await self.app(scope, receive, send)
           ^^^^^^^^^^^^^^^^^^^^^^^^^^^^^^^^^^^^
  File "/app/.venv/lib/python3.13/site-packages/fastapi/applications.py", line 1134, in __call__
    await super().__call__(scope, receive, send)
  File "/app/.venv/lib/python3.13/site-packages/starlette/applications.py", line 113, in __call__
    await self.middleware_stack(scope, receive, send)
  File "/app/.venv/lib/python3.13/site-packages/starlette/middleware/errors.py", line 186, in __call__
    raise exc
  File "/app/.venv/lib/python3.13/site-packages/starlette/middleware/errors.py", line 164, in __call__
    await self.app(scope, receive, _send)
  File "/app/.venv/lib/python3.13/site-packages/starlette/middleware/base.py", line 191, in __call__
    with recv_stream, send_stream, collapse_excgroups():
                                   ~~~~~~~~~~~~~~~~~~^^
  File "/root/.local/share/uv/python/cpython-3.13.9-linux-x86_64-gnu/lib/python3.13/contextlib.py", line 162, in __exit__
    self.gen.throw(value)
    ~~~~~~~~~~~~~~^^^^^^^
  File "/app/.venv/lib/python3.13/site-packages/starlette/_utils.py", line 85, in collapse_excgroups
    raise exc
  File "/app/.venv/lib/python3.13/site-packages/starlette/middleware/base.py", line 193, in __call__
    response = await self.dispatch_func(request, call_next)
               ^^^^^^^^^^^^^^^^^^^^^^^^^^^^^^^^^^^^^^^^^^^^
  File "/app/app/main.py", line 57, in log_requests
    response: Response = await call_next(request)
                         ^^^^^^^^^^^^^^^^^^^^^^^^
  File "/app/.venv/lib/python3.13/site-packages/starlette/middleware/base.py", line 168, in call_next
    raise app_exc from app_exc.__cause__ or app_exc.__context__
  File "/app/.venv/lib/python3.13/site-packages/starlette/middleware/base.py", line 144, in coro
    await self.app(scope, receive_or_disconnect, send_no_error)
  File "/app/.venv/lib/python3.13/site-packages/starlette/middleware/cors.py", line 85, in __call__
    await self.app(scope, receive, send)
  File "/app/.venv/lib/python3.13/site-packages/starlette/middleware/exceptions.py", line 63, in __call__
    await wrap_app_handling_exceptions(self.app, conn)(scope, receive, send)
  File "/app/.venv/lib/python3.13/site-packages/starlette/_exception_handler.py", line 53, in wrapped_app
    raise exc
  File "/app/.venv/lib/python3.13/site-packages/starlette/_exception_handler.py", line 42, in wrapped_app
    await app(scope, receive, sender)
  File "/app/.venv/lib/python3.13/site-packages/fastapi/middleware/asyncexitstack.py", line 18, in __call__
    await self.app(scope, receive, send)
  File "/app/.venv/lib/python3.13/site-packages/starlette/routing.py", line 716, in __call__
    await self.middleware_stack(scope, receive, send)
  File "/app/.venv/lib/python3.13/site-packages/starlette/routing.py", line 736, in app
    await route.handle(scope, receive, send)
  File "/app/.venv/lib/python3.13/site-packages/starlette/routing.py", line 290, in handle
    await self.app(scope, receive, send)
  File "/app/.venv/lib/python3.13/site-packages/fastapi/routing.py", line 124, in app
    await wrap_app_handling_exceptions(app, request)(scope, receive, send)
  File "/app/.venv/lib/python3.13/site-packages/starlette/_exception_handler.py", line 53, in wrapped_app
    raise exc
  File "/app/.venv/lib/python3.13/site-packages/starlette/_exception_handler.py", line 42, in wrapped_app
    await app(scope, receive, sender)
  File "/app/.venv/lib/python3.13/site-packages/fastapi/routing.py", line 110, in app
    response = await f(request)
               ^^^^^^^^^^^^^^^^
  File "/app/.venv/lib/python3.13/site-packages/fastapi/routing.py", line 390, in app
    raw_response = await run_endpoint_function(
                   ^^^^^^^^^^^^^^^^^^^^^^^^^^^^
    ...<3 lines>...
    )
    ^
  File "/app/.venv/lib/python3.13/site-packages/fastapi/routing.py", line 289, in run_endpoint_function
    return await dependant.call(**values)
           ^^^^^^^^^^^^^^^^^^^^^^^^^^^^^^
  File "/app/app/domain/auth/routes.py", line 118, in get_all_users
    return await service.get_all()
           ^^^^^^^^^^^^^^^^^^^^^^^
  File "/app/app/domain/auth/service.py", line 33, in get_all
    users = await self.user_repo.get_all()
            ^^^^^^^^^^^^^^^^^^^^^^^^^^^^^^
  File "/app/app/db/base_repository.py", line 27, in get_all
    result = await self.session.execute(stmt)
             ^^^^^^^^^^^^^^^^^^^^^^^^^^^^^^^^
  File "/app/.venv/lib/python3.13/site-packages/sqlalchemy/ext/asyncio/session.py", line 449, in execute
    result = await greenlet_spawn(
             ^^^^^^^^^^^^^^^^^^^^^
    ...<6 lines>...
    )
    ^
  File "/app/.venv/lib/python3.13/site-packages/sqlalchemy/util/_concurrency_py3k.py", line 201, in greenlet_spawn
    result = context.throw(*sys.exc_info())
  File "/app/.venv/lib/python3.13/site-packages/sqlalchemy/orm/session.py", line 2351, in execute
    return self._execute_internal(
           ~~~~~~~~~~~~~~~~~~~~~~^
        statement,
        ^^^^^^^^^^
    ...<4 lines>...
        _add_event=_add_event,
        ^^^^^^^^^^^^^^^^^^^^^^
    )
    ^
  File "/app/.venv/lib/python3.13/site-packages/sqlalchemy/orm/session.py", line 2249, in _execute_internal
    result: Result[Any] = compile_state_cls.orm_execute_statement(
                          ~~~~~~~~~~~~~~~~~~~~~~~~~~~~~~~~~~~~~~~^
        self,
        ^^^^^
    ...<4 lines>...
        conn,
        ^^^^^
    )
    ^
  File "/app/.venv/lib/python3.13/site-packages/sqlalchemy/orm/context.py", line 306, in orm_execute_statement
    result = conn.execute(
        statement, params or {}, execution_options=execution_options
    )
  File "/app/.venv/lib/python3.13/site-packages/sqlalchemy/engine/base.py", line 1419, in execute
    return meth(
        self,
        distilled_parameters,
        execution_options or NO_OPTIONS,
    )
  File "/app/.venv/lib/python3.13/site-packages/sqlalchemy/sql/elements.py", line 526, in _execute_on_connection
    return connection._execute_clauseelement(
           ~~~~~~~~~~~~~~~~~~~~~~~~~~~~~~~~~^
        self, distilled_params, execution_options
        ^^^^^^^^^^^^^^^^^^^^^^^^^^^^^^^^^^^^^^^^^
    )
    ^
  File "/app/.venv/lib/python3.13/site-packages/sqlalchemy/engine/base.py", line 1641, in _execute_clauseelement
    ret = self._execute_context(
        dialect,
    ...<8 lines>...
        cache_hit=cache_hit,
    )
  File "/app/.venv/lib/python3.13/site-packages/sqlalchemy/engine/base.py", line 1846, in _execute_context
    return self._exec_single_context(
           ~~~~~~~~~~~~~~~~~~~~~~~~~^
        dialect, context, statement, parameters
        ^^^^^^^^^^^^^^^^^^^^^^^^^^^^^^^^^^^^^^^
    )
    ^
  File "/app/.venv/lib/python3.13/site-packages/sqlalchemy/engine/base.py", line 1986, in _exec_single_context
    self._handle_dbapi_exception(
    ~~~~~~~~~~~~~~~~~~~~~~~~~~~~^
        e, str_statement, effective_parameters, cursor, context
        ^^^^^^^^^^^^^^^^^^^^^^^^^^^^^^^^^^^^^^^^^^^^^^^^^^^^^^^
    )
    ^
  File "/app/.venv/lib/python3.13/site-packages/sqlalchemy/engine/base.py", line 2355, in _handle_dbapi_exception
    raise sqlalchemy_exception.with_traceback(exc_info[2]) from e
  File "/app/.venv/lib/python3.13/site-packages/sqlalchemy/engine/base.py", line 1967, in _exec_single_context
    self.dialect.do_execute(
    ~~~~~~~~~~~~~~~~~~~~~~~^
        cursor, str_statement, effective_parameters, context
        ^^^^^^^^^^^^^^^^^^^^^^^^^^^^^^^^^^^^^^^^^^^^^^^^^^^^
    )
    ^
  File "/app/.venv/lib/python3.13/site-packages/sqlalchemy/engine/default.py", line 951, in do_execute
    cursor.execute(statement, parameters)
    ~~~~~~~~~~~~~~^^^^^^^^^^^^^^^^^^^^^^^
  File "/app/.venv/lib/python3.13/site-packages/sqlalchemy/dialects/postgresql/asyncpg.py", line 585, in execute
    self._adapt_connection.await_(
    ~~~~~~~~~~~~~~~~~~~~~~~~~~~~~^
        self._prepare_and_execute(operation, parameters)
        ^^^^^^^^^^^^^^^^^^^^^^^^^^^^^^^^^^^^^^^^^^^^^^^^
    )
    ^
  File "/app/.venv/lib/python3.13/site-packages/sqlalchemy/util/_concurrency_py3k.py", line 132, in await_only
    return current.parent.switch(awaitable)  # type: ignore[no-any-return,attr-defined] # noqa: E501
           ~~~~~~~~~~~~~~~~~~~~~^^^^^^^^^^^
  File "/app/.venv/lib/python3.13/site-packages/sqlalchemy/util/_concurrency_py3k.py", line 196, in greenlet_spawn
    value = await result
            ^^^^^^^^^^^^
  File "/app/.venv/lib/python3.13/site-packages/sqlalchemy/dialects/postgresql/asyncpg.py", line 563, in _prepare_and_execute
    self._handle_exception(error)
    ~~~~~~~~~~~~~~~~~~~~~~^^^^^^^
  File "/app/.venv/lib/python3.13/site-packages/sqlalchemy/dialects/postgresql/asyncpg.py", line 513, in _handle_exception
    self._adapt_connection._handle_exception(error)
    ~~~~~~~~~~~~~~~~~~~~~~~~~~~~~~~~~~~~~~~~^^^^^^^
  File "/app/.venv/lib/python3.13/site-packages/sqlalchemy/dialects/postgresql/asyncpg.py", line 797, in _handle_exception
    raise translated_error from error
sqlalchemy.exc.ProgrammingError: (sqlalchemy.dialects.postgresql.asyncpg.ProgrammingError) <class 'asyncpg.exceptions.UndefinedTableError'>: relation "users" does not exist
[SQL: SELECT users.id, users.email, users.password, users.role, users.created_at, users.updated_at 
FROM users 
 LIMIT $1::INTEGER OFFSET $2::INTEGER]
[parameters: (100, 0)]
(Background on this error at: https://sqlalche.me/e/20/f405)
2025-12-01 20:01:02,145 - INFO - Request started | ID: 76583ce8-cef0-11f0-86d5-5d158cf61ea8 | GET http://127.0.0.1:8000/api/v1/users/
2025-12-01 20:01:02,146 - INFO - Search all records User.
2025-12-01 20:01:02,152 - INFO - Find 0 records.
2025-12-01 20:01:02,154 - INFO - Request completed | ID: 76583ce8-cef0-11f0-86d5-5d158cf61ea8 Status: 200 | Time 9.06ms
2025-12-01 20:04:25,395 - INFO - Shutting down
2025-12-01 20:04:25,496 - INFO - Waiting for application shutdown.
2025-12-01 20:04:25,497 - INFO - Redis disconnected
2025-12-01 20:04:25,498 - INFO - Application shutdown complete.
2025-12-01 20:04:25,499 - INFO - Finished server process [70]
2025-12-01 20:15:06,465 - INFO - Started server process [17]
2025-12-01 20:15:06,467 - INFO - Waiting for application startup.
2025-12-01 20:15:10,064 - ERROR - Ошибка подключения к Redis: Error -2 connecting to redis:6379. Name or service not known.
2025-12-01 20:15:10,082 - ERROR - Traceback (most recent call last):
  File "/app/.venv/lib/python3.13/site-packages/redis/asyncio/connection.py", line 307, in connect_check_health
    await self.retry.call_with_retry(
        lambda: self._connect(), lambda error: self.disconnect()
    )
  File "/app/.venv/lib/python3.13/site-packages/redis/asyncio/retry.py", line 50, in call_with_retry
    return await do()
           ^^^^^^^^^^
  File "/app/.venv/lib/python3.13/site-packages/redis/asyncio/connection.py", line 768, in _connect
    reader, writer = await asyncio.open_connection(
                     ^^^^^^^^^^^^^^^^^^^^^^^^^^^^^^
        **self._connection_arguments()
        ^^^^^^^^^^^^^^^^^^^^^^^^^^^^^^
    )
    ^
  File "/root/.local/share/uv/python/cpython-3.13.9-linux-x86_64-gnu/lib/python3.13/asyncio/streams.py", line 48, in open_connection
    transport, _ = await loop.create_connection(
                   ^^^^^^^^^^^^^^^^^^^^^^^^^^^^^
        lambda: protocol, host, port, **kwds)
        ^^^^^^^^^^^^^^^^^^^^^^^^^^^^^^^^^^^^^
  File "uvloop/loop.pyx", line 1982, in create_connection
socket.gaierror: [Errno -2] Name or service not known

During handling of the above exception, another exception occurred:

Traceback (most recent call last):
  File "/app/.venv/lib/python3.13/site-packages/starlette/routing.py", line 694, in lifespan
    async with self.lifespan_context(app) as maybe_state:
               ~~~~~~~~~~~~~~~~~~~~~^^^^^
  File "/root/.local/share/uv/python/cpython-3.13.9-linux-x86_64-gnu/lib/python3.13/contextlib.py", line 214, in __aenter__
    return await anext(self.gen)
           ^^^^^^^^^^^^^^^^^^^^^
  File "/app/.venv/lib/python3.13/site-packages/fastapi/routing.py", line 210, in merged_lifespan
    async with original_context(app) as maybe_original_state:
               ~~~~~~~~~~~~~~~~^^^^^
  File "/root/.local/share/uv/python/cpython-3.13.9-linux-x86_64-gnu/lib/python3.13/contextlib.py", line 214, in __aenter__
    return await anext(self.gen)
           ^^^^^^^^^^^^^^^^^^^^^
  File "/app/app/main.py", line 26, in lifespan
    await redis_manager.connect()
  File "/app/app/cache/client.py", line 35, in connect
    await self._client.ping()
  File "/app/.venv/lib/python3.13/site-packages/redis/asyncio/client.py", line 720, in execute_command
    conn = self.connection or await pool.get_connection()
                              ^^^^^^^^^^^^^^^^^^^^^^^^^^^
  File "/app/.venv/lib/python3.13/site-packages/redis/asyncio/connection.py", line 1198, in get_connection
    await self.ensure_connection(connection)
  File "/app/.venv/lib/python3.13/site-packages/redis/asyncio/connection.py", line 1231, in ensure_connection
    await connection.connect()
  File "/app/.venv/lib/python3.13/site-packages/redis/asyncio/connection.py", line 298, in connect
    await self.connect_check_health(check_health=True)
  File "/app/.venv/lib/python3.13/site-packages/redis/asyncio/connection.py", line 317, in connect_check_health
    raise ConnectionError(self._error_message(e))
redis.exceptions.ConnectionError: Error -2 connecting to redis:6379. Name or service not known.

2025-12-01 20:15:10,089 - ERROR - Application startup failed. Exiting.
2025-12-01 20:15:11,292 - INFO - Started server process [15]
2025-12-01 20:15:11,293 - INFO - Waiting for application startup.
2025-12-01 20:15:14,903 - ERROR - Ошибка подключения к Redis: Error -2 connecting to redis:6379. Name or service not known.
2025-12-01 20:15:14,907 - ERROR - Traceback (most recent call last):
  File "/app/.venv/lib/python3.13/site-packages/redis/asyncio/connection.py", line 307, in connect_check_health
    await self.retry.call_with_retry(
        lambda: self._connect(), lambda error: self.disconnect()
    )
  File "/app/.venv/lib/python3.13/site-packages/redis/asyncio/retry.py", line 50, in call_with_retry
    return await do()
           ^^^^^^^^^^
  File "/app/.venv/lib/python3.13/site-packages/redis/asyncio/connection.py", line 768, in _connect
    reader, writer = await asyncio.open_connection(
                     ^^^^^^^^^^^^^^^^^^^^^^^^^^^^^^
        **self._connection_arguments()
        ^^^^^^^^^^^^^^^^^^^^^^^^^^^^^^
    )
    ^
  File "/root/.local/share/uv/python/cpython-3.13.9-linux-x86_64-gnu/lib/python3.13/asyncio/streams.py", line 48, in open_connection
    transport, _ = await loop.create_connection(
                   ^^^^^^^^^^^^^^^^^^^^^^^^^^^^^
        lambda: protocol, host, port, **kwds)
        ^^^^^^^^^^^^^^^^^^^^^^^^^^^^^^^^^^^^^
  File "uvloop/loop.pyx", line 1982, in create_connection
socket.gaierror: [Errno -2] Name or service not known

During handling of the above exception, another exception occurred:

Traceback (most recent call last):
  File "/app/.venv/lib/python3.13/site-packages/starlette/routing.py", line 694, in lifespan
    async with self.lifespan_context(app) as maybe_state:
               ~~~~~~~~~~~~~~~~~~~~~^^^^^
  File "/root/.local/share/uv/python/cpython-3.13.9-linux-x86_64-gnu/lib/python3.13/contextlib.py", line 214, in __aenter__
    return await anext(self.gen)
           ^^^^^^^^^^^^^^^^^^^^^
  File "/app/.venv/lib/python3.13/site-packages/fastapi/routing.py", line 210, in merged_lifespan
    async with original_context(app) as maybe_original_state:
               ~~~~~~~~~~~~~~~~^^^^^
  File "/root/.local/share/uv/python/cpython-3.13.9-linux-x86_64-gnu/lib/python3.13/contextlib.py", line 214, in __aenter__
    return await anext(self.gen)
           ^^^^^^^^^^^^^^^^^^^^^
  File "/app/app/main.py", line 26, in lifespan
    await redis_manager.connect()
  File "/app/app/cache/client.py", line 35, in connect
    await self._client.ping()
  File "/app/.venv/lib/python3.13/site-packages/redis/asyncio/client.py", line 720, in execute_command
    conn = self.connection or await pool.get_connection()
                              ^^^^^^^^^^^^^^^^^^^^^^^^^^^
  File "/app/.venv/lib/python3.13/site-packages/redis/asyncio/connection.py", line 1198, in get_connection
    await self.ensure_connection(connection)
  File "/app/.venv/lib/python3.13/site-packages/redis/asyncio/connection.py", line 1231, in ensure_connection
    await connection.connect()
  File "/app/.venv/lib/python3.13/site-packages/redis/asyncio/connection.py", line 298, in connect
    await self.connect_check_health(check_health=True)
  File "/app/.venv/lib/python3.13/site-packages/redis/asyncio/connection.py", line 317, in connect_check_health
    raise ConnectionError(self._error_message(e))
redis.exceptions.ConnectionError: Error -2 connecting to redis:6379. Name or service not known.

2025-12-01 20:15:14,912 - ERROR - Application startup failed. Exiting.
2025-12-01 20:15:17,694 - INFO - Started server process [16]
2025-12-01 20:15:17,696 - INFO - Waiting for application startup.
2025-12-01 20:15:21,261 - ERROR - Ошибка подключения к Redis: Error -2 connecting to redis:6379. Name or service not known.
2025-12-01 20:15:21,266 - ERROR - Traceback (most recent call last):
  File "/app/.venv/lib/python3.13/site-packages/redis/asyncio/connection.py", line 307, in connect_check_health
    await self.retry.call_with_retry(
        lambda: self._connect(), lambda error: self.disconnect()
    )
  File "/app/.venv/lib/python3.13/site-packages/redis/asyncio/retry.py", line 50, in call_with_retry
    return await do()
           ^^^^^^^^^^
  File "/app/.venv/lib/python3.13/site-packages/redis/asyncio/connection.py", line 768, in _connect
    reader, writer = await asyncio.open_connection(
                     ^^^^^^^^^^^^^^^^^^^^^^^^^^^^^^
        **self._connection_arguments()
        ^^^^^^^^^^^^^^^^^^^^^^^^^^^^^^
    )
    ^
  File "/root/.local/share/uv/python/cpython-3.13.9-linux-x86_64-gnu/lib/python3.13/asyncio/streams.py", line 48, in open_connection
    transport, _ = await loop.create_connection(
                   ^^^^^^^^^^^^^^^^^^^^^^^^^^^^^
        lambda: protocol, host, port, **kwds)
        ^^^^^^^^^^^^^^^^^^^^^^^^^^^^^^^^^^^^^
  File "uvloop/loop.pyx", line 1982, in create_connection
socket.gaierror: [Errno -2] Name or service not known

During handling of the above exception, another exception occurred:

Traceback (most recent call last):
  File "/app/.venv/lib/python3.13/site-packages/starlette/routing.py", line 694, in lifespan
    async with self.lifespan_context(app) as maybe_state:
               ~~~~~~~~~~~~~~~~~~~~~^^^^^
  File "/root/.local/share/uv/python/cpython-3.13.9-linux-x86_64-gnu/lib/python3.13/contextlib.py", line 214, in __aenter__
    return await anext(self.gen)
           ^^^^^^^^^^^^^^^^^^^^^
  File "/app/.venv/lib/python3.13/site-packages/fastapi/routing.py", line 210, in merged_lifespan
    async with original_context(app) as maybe_original_state:
               ~~~~~~~~~~~~~~~~^^^^^
  File "/root/.local/share/uv/python/cpython-3.13.9-linux-x86_64-gnu/lib/python3.13/contextlib.py", line 214, in __aenter__
    return await anext(self.gen)
           ^^^^^^^^^^^^^^^^^^^^^
  File "/app/app/main.py", line 26, in lifespan
    await redis_manager.connect()
  File "/app/app/cache/client.py", line 35, in connect
    await self._client.ping()
  File "/app/.venv/lib/python3.13/site-packages/redis/asyncio/client.py", line 720, in execute_command
    conn = self.connection or await pool.get_connection()
                              ^^^^^^^^^^^^^^^^^^^^^^^^^^^
  File "/app/.venv/lib/python3.13/site-packages/redis/asyncio/connection.py", line 1198, in get_connection
    await self.ensure_connection(connection)
  File "/app/.venv/lib/python3.13/site-packages/redis/asyncio/connection.py", line 1231, in ensure_connection
    await connection.connect()
  File "/app/.venv/lib/python3.13/site-packages/redis/asyncio/connection.py", line 298, in connect
    await self.connect_check_health(check_health=True)
  File "/app/.venv/lib/python3.13/site-packages/redis/asyncio/connection.py", line 317, in connect_check_health
    raise ConnectionError(self._error_message(e))
redis.exceptions.ConnectionError: Error -2 connecting to redis:6379. Name or service not known.

2025-12-01 20:15:21,273 - ERROR - Application startup failed. Exiting.
2025-12-01 20:15:24,365 - INFO - Started server process [15]
2025-12-01 20:15:24,366 - INFO - Waiting for application startup.
2025-12-01 20:15:27,992 - ERROR - Ошибка подключения к Redis: Error -2 connecting to redis:6379. Name or service not known.
2025-12-01 20:15:27,999 - ERROR - Traceback (most recent call last):
  File "/app/.venv/lib/python3.13/site-packages/redis/asyncio/connection.py", line 307, in connect_check_health
    await self.retry.call_with_retry(
        lambda: self._connect(), lambda error: self.disconnect()
    )
  File "/app/.venv/lib/python3.13/site-packages/redis/asyncio/retry.py", line 50, in call_with_retry
    return await do()
           ^^^^^^^^^^
  File "/app/.venv/lib/python3.13/site-packages/redis/asyncio/connection.py", line 768, in _connect
    reader, writer = await asyncio.open_connection(
                     ^^^^^^^^^^^^^^^^^^^^^^^^^^^^^^
        **self._connection_arguments()
        ^^^^^^^^^^^^^^^^^^^^^^^^^^^^^^
    )
    ^
  File "/root/.local/share/uv/python/cpython-3.13.9-linux-x86_64-gnu/lib/python3.13/asyncio/streams.py", line 48, in open_connection
    transport, _ = await loop.create_connection(
                   ^^^^^^^^^^^^^^^^^^^^^^^^^^^^^
        lambda: protocol, host, port, **kwds)
        ^^^^^^^^^^^^^^^^^^^^^^^^^^^^^^^^^^^^^
  File "uvloop/loop.pyx", line 1982, in create_connection
socket.gaierror: [Errno -2] Name or service not known

During handling of the above exception, another exception occurred:

Traceback (most recent call last):
  File "/app/.venv/lib/python3.13/site-packages/starlette/routing.py", line 694, in lifespan
    async with self.lifespan_context(app) as maybe_state:
               ~~~~~~~~~~~~~~~~~~~~~^^^^^
  File "/root/.local/share/uv/python/cpython-3.13.9-linux-x86_64-gnu/lib/python3.13/contextlib.py", line 214, in __aenter__
    return await anext(self.gen)
           ^^^^^^^^^^^^^^^^^^^^^
  File "/app/.venv/lib/python3.13/site-packages/fastapi/routing.py", line 210, in merged_lifespan
    async with original_context(app) as maybe_original_state:
               ~~~~~~~~~~~~~~~~^^^^^
  File "/root/.local/share/uv/python/cpython-3.13.9-linux-x86_64-gnu/lib/python3.13/contextlib.py", line 214, in __aenter__
    return await anext(self.gen)
           ^^^^^^^^^^^^^^^^^^^^^
  File "/app/app/main.py", line 26, in lifespan
    await redis_manager.connect()
  File "/app/app/cache/client.py", line 35, in connect
    await self._client.ping()
  File "/app/.venv/lib/python3.13/site-packages/redis/asyncio/client.py", line 720, in execute_command
    conn = self.connection or await pool.get_connection()
                              ^^^^^^^^^^^^^^^^^^^^^^^^^^^
  File "/app/.venv/lib/python3.13/site-packages/redis/asyncio/connection.py", line 1198, in get_connection
    await self.ensure_connection(connection)
  File "/app/.venv/lib/python3.13/site-packages/redis/asyncio/connection.py", line 1231, in ensure_connection
    await connection.connect()
  File "/app/.venv/lib/python3.13/site-packages/redis/asyncio/connection.py", line 298, in connect
    await self.connect_check_health(check_health=True)
  File "/app/.venv/lib/python3.13/site-packages/redis/asyncio/connection.py", line 317, in connect_check_health
    raise ConnectionError(self._error_message(e))
redis.exceptions.ConnectionError: Error -2 connecting to redis:6379. Name or service not known.

2025-12-01 20:15:28,006 - ERROR - Application startup failed. Exiting.
2025-12-01 20:15:31,317 - INFO - Started server process [17]
2025-12-01 20:15:31,317 - INFO - Waiting for application startup.
2025-12-01 20:15:34,919 - ERROR - Ошибка подключения к Redis: Error -2 connecting to redis:6379. Name or service not known.
2025-12-01 20:15:34,924 - ERROR - Traceback (most recent call last):
  File "/app/.venv/lib/python3.13/site-packages/redis/asyncio/connection.py", line 307, in connect_check_health
    await self.retry.call_with_retry(
        lambda: self._connect(), lambda error: self.disconnect()
    )
  File "/app/.venv/lib/python3.13/site-packages/redis/asyncio/retry.py", line 50, in call_with_retry
    return await do()
           ^^^^^^^^^^
  File "/app/.venv/lib/python3.13/site-packages/redis/asyncio/connection.py", line 768, in _connect
    reader, writer = await asyncio.open_connection(
                     ^^^^^^^^^^^^^^^^^^^^^^^^^^^^^^
        **self._connection_arguments()
        ^^^^^^^^^^^^^^^^^^^^^^^^^^^^^^
    )
    ^
  File "/root/.local/share/uv/python/cpython-3.13.9-linux-x86_64-gnu/lib/python3.13/asyncio/streams.py", line 48, in open_connection
    transport, _ = await loop.create_connection(
                   ^^^^^^^^^^^^^^^^^^^^^^^^^^^^^
        lambda: protocol, host, port, **kwds)
        ^^^^^^^^^^^^^^^^^^^^^^^^^^^^^^^^^^^^^
  File "uvloop/loop.pyx", line 1982, in create_connection
socket.gaierror: [Errno -2] Name or service not known

During handling of the above exception, another exception occurred:

Traceback (most recent call last):
  File "/app/.venv/lib/python3.13/site-packages/starlette/routing.py", line 694, in lifespan
    async with self.lifespan_context(app) as maybe_state:
               ~~~~~~~~~~~~~~~~~~~~~^^^^^
  File "/root/.local/share/uv/python/cpython-3.13.9-linux-x86_64-gnu/lib/python3.13/contextlib.py", line 214, in __aenter__
    return await anext(self.gen)
           ^^^^^^^^^^^^^^^^^^^^^
  File "/app/.venv/lib/python3.13/site-packages/fastapi/routing.py", line 210, in merged_lifespan
    async with original_context(app) as maybe_original_state:
               ~~~~~~~~~~~~~~~~^^^^^
  File "/root/.local/share/uv/python/cpython-3.13.9-linux-x86_64-gnu/lib/python3.13/contextlib.py", line 214, in __aenter__
    return await anext(self.gen)
           ^^^^^^^^^^^^^^^^^^^^^
  File "/app/app/main.py", line 26, in lifespan
    await redis_manager.connect()
  File "/app/app/cache/client.py", line 35, in connect
    await self._client.ping()
  File "/app/.venv/lib/python3.13/site-packages/redis/asyncio/client.py", line 720, in execute_command
    conn = self.connection or await pool.get_connection()
                              ^^^^^^^^^^^^^^^^^^^^^^^^^^^
  File "/app/.venv/lib/python3.13/site-packages/redis/asyncio/connection.py", line 1198, in get_connection
    await self.ensure_connection(connection)
  File "/app/.venv/lib/python3.13/site-packages/redis/asyncio/connection.py", line 1231, in ensure_connection
    await connection.connect()
  File "/app/.venv/lib/python3.13/site-packages/redis/asyncio/connection.py", line 298, in connect
    await self.connect_check_health(check_health=True)
  File "/app/.venv/lib/python3.13/site-packages/redis/asyncio/connection.py", line 317, in connect_check_health
    raise ConnectionError(self._error_message(e))
redis.exceptions.ConnectionError: Error -2 connecting to redis:6379. Name or service not known.

2025-12-01 20:15:34,929 - ERROR - Application startup failed. Exiting.
2025-12-01 20:15:51,031 - INFO - Started server process [16]
2025-12-01 20:15:51,032 - INFO - Waiting for application startup.
2025-12-01 20:15:51,050 - INFO - Redis connected
2025-12-01 20:15:51,051 - INFO - Application startup complete.
2025-12-01 20:15:51,058 - INFO - Uvicorn running on http://0.0.0.0:8000 (Press CTRL+C to quit)
2025-12-01 20:15:55,723 - INFO - Request started | ID: 8af56f48-cef2-11f0-afe2-81bc9b10c600 | GET http://127.0.0.1:8000/docs
2025-12-01 20:15:55,724 - INFO - Request completed | ID: 8af56f48-cef2-11f0-afe2-81bc9b10c600 Status: 200 | Time 0.87ms
2025-12-01 20:15:56,067 - INFO - Request started | ID: 8b29f574-cef2-11f0-afe2-81bc9b10c600 | GET http://127.0.0.1:8000/openapi.json
2025-12-01 20:15:56,185 - INFO - Request completed | ID: 8b29f574-cef2-11f0-afe2-81bc9b10c600 Status: 200 | Time 117.94ms
2025-12-01 20:16:13,899 - INFO - Request started | ID: 95cacfee-cef2-11f0-afe2-81bc9b10c600 | GET http://127.0.0.1:8000/docs
2025-12-01 20:16:13,899 - INFO - Request completed | ID: 95cacfee-cef2-11f0-afe2-81bc9b10c600 Status: 200 | Time 0.48ms
2025-12-01 20:16:14,085 - INFO - Request started | ID: 95e74dfe-cef2-11f0-afe2-81bc9b10c600 | GET http://127.0.0.1:8000/openapi.json
2025-12-01 20:16:14,087 - INFO - Request completed | ID: 95e74dfe-cef2-11f0-afe2-81bc9b10c600 Status: 200 | Time 1.47ms
2025-12-01 20:16:17,013 - INFO - Request started | ID: 97a61102-cef2-11f0-afe2-81bc9b10c600 | GET http://127.0.0.1:8000/api/v1/users/
2025-12-01 20:16:17,014 - INFO - Search all records User.
2025-12-01 20:16:17,102 - INFO - Find 0 records.
2025-12-01 20:16:17,104 - INFO - Request completed | ID: 97a61102-cef2-11f0-afe2-81bc9b10c600 Status: 200 | Time 90.19ms
2025-12-01 20:16:22,802 - INFO - Request started | ID: 9b195c22-cef2-11f0-afe2-81bc9b10c600 | GET http://127.0.0.1:8000/api/v1/group/2
2025-12-01 20:16:22,803 - INFO - Search Group with ID 2.
2025-12-01 20:16:22,815 - INFO - Record with ID 2 does not find.
2025-12-01 20:16:22,818 - INFO - Request completed | ID: 9b195c22-cef2-11f0-afe2-81bc9b10c600 Status: 404 | Time 15.71ms
2025-12-03 16:43:20,393 - ERROR - Ошибка подключения к Redis: Error -2 connecting to redis:6379. Name or service not known.
2025-12-03 16:47:32,402 - INFO - Redis connected
2025-12-03 16:47:35,796 - INFO - Request started | ID: dc695938-d03d-11f0-9b6c-cdff11878524 | GET http://127.0.0.1:8000/
2025-12-03 16:47:35,797 - INFO - Request completed | ID: dc695938-d03d-11f0-9b6c-cdff11878524 Status: 200 | Time 1.41ms
2025-12-03 16:47:35,924 - INFO - Request started | ID: dc7ce1c4-d03d-11f0-9b6c-cdff11878524 | GET http://127.0.0.1:8000/favicon.ico
2025-12-03 16:47:35,924 - INFO - Request completed | ID: dc7ce1c4-d03d-11f0-9b6c-cdff11878524 Status: 404 | Time 0.68ms
2025-12-03 16:47:39,678 - INFO - Request started | ID: deb9c0a6-d03d-11f0-9b6c-cdff11878524 | GET http://127.0.0.1:8000/docs
2025-12-03 16:47:39,678 - INFO - Request completed | ID: deb9c0a6-d03d-11f0-9b6c-cdff11878524 Status: 200 | Time 0.36ms
2025-12-03 16:47:40,391 - INFO - Request started | ID: df269320-d03d-11f0-9b6c-cdff11878524 | GET http://127.0.0.1:8000/openapi.json
2025-12-03 16:47:40,504 - INFO - Request completed | ID: df269320-d03d-11f0-9b6c-cdff11878524 Status: 200 | Time 112.28ms
2025-12-03 16:47:45,507 - INFO - Request started | ID: e2332786-d03d-11f0-9b6c-cdff11878524 | GET http://127.0.0.1:8000/api/v1/users/
2025-12-03 16:47:45,507 - INFO - Search all records User.
2025-12-03 16:47:45,709 - INFO - Find 0 records.
2025-12-03 16:47:45,709 - INFO - Request completed | ID: e2332786-d03d-11f0-9b6c-cdff11878524 Status: 200 | Time 202.47ms
2025-12-03 16:47:51,701 - INFO - Redis disconnected
2025-12-03 16:55:25,427 - INFO - Redis connected
2025-12-03 16:55:30,990 - INFO - Request started | ID: f7a639c2-d03e-11f0-9b6c-bdca442f3004 | GET http://127.0.0.1:8000/api/v1/users/
2025-12-03 16:55:30,990 - INFO - Search all records User.
2025-12-03 16:55:31,082 - INFO - Find 0 records.
2025-12-03 16:55:31,083 - INFO - Request completed | ID: f7a639c2-d03e-11f0-9b6c-bdca442f3004 Status: 200 | Time 92.90ms
2025-12-03 16:55:35,558 - INFO - Request started | ID: fa5f5a18-d03e-11f0-9b6c-bdca442f3004 | GET http://127.0.0.1:8000/api/v1/users/
2025-12-03 16:55:35,559 - INFO - Search all records User.
2025-12-03 16:55:35,561 - INFO - Find 0 records.
2025-12-03 16:55:35,561 - INFO - Request completed | ID: fa5f5a18-d03e-11f0-9b6c-bdca442f3004 Status: 200 | Time 2.61ms
2025-12-03 16:55:40,572 - INFO - Redis disconnected
2025-12-03 16:57:40,874 - INFO - Redis connected
2025-12-03 16:57:41,940 - INFO - Request started | ID: 45b396d2-d03f-11f0-9b6c-abeec314a57e | GET http://127.0.0.1:8000/api/v1/users/
2025-12-03 16:57:41,940 - INFO - Search all records User.
2025-12-03 16:57:42,022 - INFO - Find 0 records.
2025-12-03 16:57:42,022 - INFO - Request completed | ID: 45b396d2-d03f-11f0-9b6c-abeec314a57e Status: 200 | Time 82.30ms
2025-12-03 16:58:23,395 - INFO - Redis disconnected
2025-12-03 16:58:24,408 - INFO - Redis connected
2025-12-03 16:58:26,925 - INFO - Redis disconnected
2025-12-03 16:58:28,000 - INFO - Redis connected
2025-12-03 16:58:29,707 - INFO - Redis disconnected
2025-12-03 16:58:30,901 - INFO - Redis connected
2025-12-03 16:58:43,346 - INFO - Redis disconnected
2025-12-03 16:58:44,483 - INFO - Redis connected
2025-12-03 16:58:44,784 - INFO - Redis disconnected
2025-12-03 16:58:45,784 - INFO - Redis connected
2025-12-03 16:58:48,901 - INFO - Redis disconnected
2025-12-03 16:58:49,938 - INFO - Redis connected
2025-12-03 16:58:50,641 - INFO - Redis disconnected
2025-12-03 16:59:22,944 - INFO - Redis connected
2025-12-03 16:59:23,861 - INFO - Request started | ID: 82738618-d03f-11f0-9b6c-6bb1ee6a0ec6 | GET http://127.0.0.1:8000/api/v1/users/
2025-12-03 16:59:23,861 - INFO - Search all records User.
2025-12-03 16:59:23,923 - INFO - Find 0 records.
2025-12-03 16:59:23,923 - INFO - Request completed | ID: 82738618-d03f-11f0-9b6c-6bb1ee6a0ec6 Status: 200 | Time 62.35ms
2025-12-03 16:59:59,908 - INFO - Redis disconnected
2025-12-03 17:00:01,980 - INFO - Redis connected
2025-12-03 17:00:03,483 - INFO - Redis connected
2025-12-03 17:00:06,605 - INFO - Redis disconnected
2025-12-03 17:00:07,563 - INFO - Redis connected
2025-12-03 17:02:19,708 - INFO - Redis connected
2025-12-03 17:02:20,531 - INFO - Request started | ID: ebc14f88-d03f-11f0-9b6c-5581fd8b160a | GET http://127.0.0.1:8000/api/v1/users/
2025-12-03 17:02:20,532 - INFO - Search all records User.
2025-12-03 17:02:20,592 - INFO - Find 1 records.
2025-12-03 17:02:20,596 - INFO - Request completed | ID: ebc14f88-d03f-11f0-9b6c-5581fd8b160a Status: 200 | Time 64.79ms
2025-12-03 17:02:27,937 - INFO - Redis disconnected
2025-12-03 17:30:14,610 - INFO - Started server process [21043]
2025-12-03 17:30:14,612 - INFO - Waiting for application startup.
2025-12-03 17:30:16,655 - ERROR - Ошибка подключения к Redis: Error -2 connecting to redis:6379. Name or service not known.
2025-12-03 17:30:16,668 - ERROR - Traceback (most recent call last):
  File "/home/sanek/projects/ugltuschedule/FastApiSchedule/.venv/lib/python3.13/site-packages/redis/asyncio/connection.py", line 307, in connect_check_health
    await self.retry.call_with_retry(
        lambda: self._connect(), lambda error: self.disconnect()
    )
  File "/home/sanek/projects/ugltuschedule/FastApiSchedule/.venv/lib/python3.13/site-packages/redis/asyncio/retry.py", line 50, in call_with_retry
    return await do()
           ^^^^^^^^^^
  File "/home/sanek/projects/ugltuschedule/FastApiSchedule/.venv/lib/python3.13/site-packages/redis/asyncio/connection.py", line 768, in _connect
    reader, writer = await asyncio.open_connection(
                     ^^^^^^^^^^^^^^^^^^^^^^^^^^^^^^
        **self._connection_arguments()
        ^^^^^^^^^^^^^^^^^^^^^^^^^^^^^^
    )
    ^
  File "/root/.local/share/uv/python/cpython-3.13.7-linux-x86_64-gnu/lib/python3.13/asyncio/streams.py", line 48, in open_connection
    transport, _ = await loop.create_connection(
                   ^^^^^^^^^^^^^^^^^^^^^^^^^^^^^
        lambda: protocol, host, port, **kwds)
        ^^^^^^^^^^^^^^^^^^^^^^^^^^^^^^^^^^^^^
  File "uvloop/loop.pyx", line 1982, in create_connection
socket.gaierror: [Errno -2] Name or service not known

During handling of the above exception, another exception occurred:

Traceback (most recent call last):
  File "/home/sanek/projects/ugltuschedule/FastApiSchedule/.venv/lib/python3.13/site-packages/starlette/routing.py", line 694, in lifespan
    async with self.lifespan_context(app) as maybe_state:
               ~~~~~~~~~~~~~~~~~~~~~^^^^^
  File "/root/.local/share/uv/python/cpython-3.13.7-linux-x86_64-gnu/lib/python3.13/contextlib.py", line 214, in __aenter__
    return await anext(self.gen)
           ^^^^^^^^^^^^^^^^^^^^^
  File "/home/sanek/projects/ugltuschedule/FastApiSchedule/.venv/lib/python3.13/site-packages/fastapi/routing.py", line 210, in merged_lifespan
    async with original_context(app) as maybe_original_state:
               ~~~~~~~~~~~~~~~~^^^^^
  File "/root/.local/share/uv/python/cpython-3.13.7-linux-x86_64-gnu/lib/python3.13/contextlib.py", line 214, in __aenter__
    return await anext(self.gen)
           ^^^^^^^^^^^^^^^^^^^^^
  File "/home/sanek/projects/ugltuschedule/FastApiSchedule/app/main.py", line 25, in lifespan
    await redis_manager.connect()
  File "/home/sanek/projects/ugltuschedule/FastApiSchedule/app/cache/client.py", line 35, in connect
    await self._client.ping()
  File "/home/sanek/projects/ugltuschedule/FastApiSchedule/.venv/lib/python3.13/site-packages/redis/asyncio/client.py", line 720, in execute_command
    conn = self.connection or await pool.get_connection()
                              ^^^^^^^^^^^^^^^^^^^^^^^^^^^
  File "/home/sanek/projects/ugltuschedule/FastApiSchedule/.venv/lib/python3.13/site-packages/redis/asyncio/connection.py", line 1198, in get_connection
    await self.ensure_connection(connection)
  File "/home/sanek/projects/ugltuschedule/FastApiSchedule/.venv/lib/python3.13/site-packages/redis/asyncio/connection.py", line 1231, in ensure_connection
    await connection.connect()
  File "/home/sanek/projects/ugltuschedule/FastApiSchedule/.venv/lib/python3.13/site-packages/redis/asyncio/connection.py", line 298, in connect
    await self.connect_check_health(check_health=True)
  File "/home/sanek/projects/ugltuschedule/FastApiSchedule/.venv/lib/python3.13/site-packages/redis/asyncio/connection.py", line 317, in connect_check_health
    raise ConnectionError(self._error_message(e))
redis.exceptions.ConnectionError: Error -2 connecting to redis:6379. Name or service not known.

2025-12-03 17:30:16,675 - ERROR - Application startup failed. Exiting.
